<?xml version="1.0" encoding="UTF-8"?>
<!-- Generated by org.testng.reporters.JUnitReportReporter -->
<testsuite hostname="knawate-t440" name="com.test.LoginVerification" tests="1" failures="0" timestamp="18 May 2019 08:44:30 GMT" time="74.706" errors="0">
  <testcase name="loginTest" time="74.706" classname="com.test.LoginVerification"/>
</testsuite> <!-- com.test.LoginVerification -->
